<?xml version="1.0" encoding="UTF-8"?>
<!-- Generated by org.testng.reporters.JUnitReportReporter -->
<testsuite hostname="Saryu-PC" failures="0" tests="1" name="Day_002_Java.TC01_Login" time="16.602" errors="0" timestamp="04 Nov 2019 15:50:41 GMT" skipped="0">
  <testcase classname="Day_002_Java.TC01_Login" name="Login_Test" time="16.602"/>
</testsuite> <!-- Day_002_Java.TC01_Login -->
