<?xml version="1.0" encoding="UTF-8"?>
<!-- Generated by org.testng.reporters.JUnitReportReporter -->
<testsuite hostname="Saryu-PC" failures="0" tests="1" name="Day_026_TakeScreenShot.Test3" time="22.942" errors="0" timestamp="05 Nov 2019 14:05:57 GMT" skipped="0">
  <testcase classname="Day_026_TakeScreenShot.Test3" name="AddNationalitiess" time="22.942"/>
</testsuite> <!-- Day_026_TakeScreenShot.Test3 -->
