<?xml version="1.0" encoding="UTF-8"?>
<!-- Generated by org.testng.reporters.JUnitReportReporter -->
<testsuite hostname="Saryu-PC" failures="0" tests="1" name="Day_015_ParallelTests.OrangeHRMTest" time="22.063" errors="0" timestamp="05 Nov 2019 10:48:28 GMT" skipped="0">
  <testcase classname="Day_015_ParallelTests.OrangeHRMTest" name="Open_OrangeHRM" time="22.063"/>
</testsuite> <!-- Day_015_ParallelTests.OrangeHRMTest -->
