<?xml version="1.0" encoding="UTF-8"?>
<!-- Generated by org.testng.reporters.JUnitReportReporter -->
<testsuite hostname="Saryu-PC" failures="0" tests="1" name="Day_009_Extent_Reports.ExtentReport_Test" time="23.718" errors="0" timestamp="07 Nov 2019 15:54:22 GMT" skipped="0">
  <testcase classname="Day_009_Extent_Reports.ExtentReport_Test" name="Report3_Test" time="23.718"/>
</testsuite> <!-- Day_009_Extent_Reports.ExtentReport_Test -->
