<?xml version="1.0" encoding="UTF-8"?>
<!-- Generated by org.testng.reporters.JUnitReportReporter -->
<testsuite hostname="Sudhakar-PC" failures="0" tests="1" name="First_Demo.TC01_Login" time="96.210" errors="0" timestamp="2019-10-15T07:41:10 IST" skipped="0">
  <testcase classname="First_Demo.TC01_Login" name="login_test" time="96.210"/>
</testsuite> <!-- First_Demo.TC01_Login -->
