<?xml version="1.0" encoding="UTF-8"?>
<!-- Generated by org.testng.reporters.JUnitReportReporter -->
<testsuite hostname="Saryu-PC" failures="0" tests="1" name="Day_022_Action_class.TC02_Double_Click" time="24.652" errors="0" timestamp="06 Nov 2019 14:05:31 GMT" skipped="0">
  <testcase classname="Day_022_Action_class.TC02_Double_Click" name="Login_Test" time="24.652"/>
</testsuite> <!-- Day_022_Action_class.TC02_Double_Click -->
