<?xml version="1.0" encoding="UTF-8"?>
<!-- Generated by org.testng.reporters.JUnitReportReporter -->
<testsuite hostname="Saryu-PC" failures="0" tests="1" name="Day_024_Advanced_Xpaths.TC008_Child" time="16.818" errors="0" timestamp="07 Nov 2019 14:24:15 GMT" skipped="0">
  <testcase classname="Day_024_Advanced_Xpaths.TC008_Child" name="Test1" time="16.818"/>
</testsuite> <!-- Day_024_Advanced_Xpaths.TC008_Child -->
