<?xml version="1.0" encoding="UTF-8"?>
<!-- Generated by org.testng.reporters.JUnitReportReporter -->
<testsuite hostname="Saryu-PC" failures="0" tests="2" name="Day_012_TestNG_Paraneters.TC02_Login_Static_Paarameters2" time="51.220" errors="0" timestamp="19 Oct 2019 04:53:45 GMT" skipped="0">
  <testcase classname="Day_012_TestNG_Paraneters.TC02_Login_Static_Paarameters2" name="Login_Test" time="26.611"/>
  <testcase classname="Day_012_TestNG_Paraneters.TC02_Login_Static_Paarameters2" name="Login_Test" time="24.609"/>
</testsuite> <!-- Day_012_TestNG_Paraneters.TC02_Login_Static_Paarameters2 -->
