<?xml version="1.0" encoding="UTF-8"?>
<!-- Generated by org.testng.reporters.JUnitReportReporter -->
<testsuite hostname="Saryu-PC" failures="0" tests="6" name="Day_017_Priorities_Test.TC01_Priority_Order" time="24.248" errors="0" timestamp="02 Nov 2019 09:18:53 GMT" skipped="0">
  <testcase classname="Day_017_Priorities_Test.TC01_Priority_Order" name="Test1_OpenChromeBrowser" time="9.197"/>
  <testcase classname="Day_017_Priorities_Test.TC01_Priority_Order" name="Test2_OpenOrangeHRM" time="3.463"/>
  <testcase classname="Day_017_Priorities_Test.TC01_Priority_Order" name="Test3_Login" time="2.388"/>
  <testcase classname="Day_017_Priorities_Test.TC01_Priority_Order" name="Test4_Addnatialities" time="6.846"/>
  <testcase classname="Day_017_Priorities_Test.TC01_Priority_Order" name="Test5_Logout" time="1.618"/>
  <testcase classname="Day_017_Priorities_Test.TC01_Priority_Order" name="Test6_closebrowser" time="0.736"/>
</testsuite> <!-- Day_017_Priorities_Test.TC01_Priority_Order -->
