<?xml version="1.0" encoding="UTF-8"?>
<!-- Generated by org.testng.reporters.JUnitReportReporter -->
<testsuite hostname="Saryu-PC" failures="0" tests="1" name="Day_003_Locators.TC01_Xpath" time="21.933" errors="0" timestamp="2019-12-10T20:08:48 IST" skipped="0">
  <testcase classname="Day_003_Locators.TC01_Xpath" name="Test210" time="21.933"/>
</testsuite> <!-- Day_003_Locators.TC01_Xpath -->
