<?xml version="1.0" encoding="UTF-8"?>
<!-- Generated by org.testng.reporters.JUnitReportReporter -->
<testsuite hostname="Saryu-PC" failures="0" tests="1" name="Day_002_Java.TC02_Login_Static" time="20.473" errors="0" timestamp="02 Nov 2019 04:44:25 GMT" skipped="0">
  <testcase classname="Day_002_Java.TC02_Login_Static" name="Login_Test" time="20.473"/>
</testsuite> <!-- Day_002_Java.TC02_Login_Static -->
