<?xml version="1.0" encoding="UTF-8"?>
<!-- Generated by org.testng.reporters.JUnitReportReporter -->
<testsuite hostname="Saryu-PC" failures="0" tests="1" name="Day_024_Advanced_Xpaths.TC013_Descendant" time="30.049" errors="0" timestamp="01 Nov 2019 22:38:31 GMT" skipped="0">
  <testcase classname="Day_024_Advanced_Xpaths.TC013_Descendant" name="Test1" time="30.049"/>
</testsuite> <!-- Day_024_Advanced_Xpaths.TC013_Descendant -->
