<?xml version="1.0" encoding="UTF-8"?>
<!-- Generated by org.testng.reporters.JUnitReportReporter -->
<testsuite hostname="Saryu-PC" failures="0" tests="1" name="Day_020_Multiple_Windows.TC01_Open_New_Tab" time="25.724" errors="0" timestamp="07 Nov 2019 16:12:03 GMT" skipped="0">
  <testcase classname="Day_020_Multiple_Windows.TC01_Open_New_Tab" name="Login_Test" time="25.724"/>
</testsuite> <!-- Day_020_Multiple_Windows.TC01_Open_New_Tab -->
