<?xml version="1.0" encoding="UTF-8"?>
<!-- Generated by org.testng.reporters.JUnitReportReporter -->
<testsuite hostname="Saryu-PC" failures="0" tests="1" name="Day_008_Emailable_Report.TestExample1" time="8.743" errors="0" timestamp="07 Nov 2019 15:24:39 GMT" skipped="0">
  <testcase classname="Day_008_Emailable_Report.TestExample1" name="Test2" time="8.743"/>
</testsuite> <!-- Day_008_Emailable_Report.TestExample1 -->
