<?xml version="1.0" encoding="UTF-8"?>
<!-- Generated by org.testng.reporters.JUnitReportReporter -->
<testsuite hostname="Saryu-PC" failures="0" tests="1" name="Day_010_Custimize_EmailableReport_Lab1.TC01_Test" time="22.943" errors="0" timestamp="07 Nov 2019 15:59:41 GMT" skipped="0">
  <testcase classname="Day_010_Custimize_EmailableReport_Lab1.TC01_Test" name="TC01_Report_Test" time="22.943"/>
</testsuite> <!-- Day_010_Custimize_EmailableReport_Lab1.TC01_Test -->
