<?xml version="1.0" encoding="UTF-8"?>
<!-- Generated by org.testng.reporters.JUnitReportReporter -->
<testsuite hostname="Saryu-PC" failures="0" tests="1" name="Day_023_File_Upload_Download.TC01_AddPhoto_Existing_Employee" time="52.376" errors="0" timestamp="01 Nov 2019 13:08:51 GMT" skipped="0">
  <testcase classname="Day_023_File_Upload_Download.TC01_AddPhoto_Existing_Employee" name="AddEmployee_call_allmethods" time="52.376"/>
</testsuite> <!-- Day_023_File_Upload_Download.TC01_AddPhoto_Existing_Employee -->
