<?xml version="1.0" encoding="UTF-8"?>
<!-- Generated by org.testng.reporters.JUnitReportReporter -->
<testsuite hostname="Saryu-PC" failures="0" tests="1" name="Day_022_Action_class.TC01_Mouse_Hover_Action" time="31.505" errors="0" timestamp="07 Nov 2019 16:30:16 GMT" skipped="0">
  <testcase classname="Day_022_Action_class.TC01_Mouse_Hover_Action" name="Login_Test" time="31.505"/>
</testsuite> <!-- Day_022_Action_class.TC01_Mouse_Hover_Action -->
