<?xml version="1.0" encoding="UTF-8"?>
<!-- Generated by org.testng.reporters.JUnitReportReporter -->
<testsuite hostname="Saryu-PC" failures="0" tests="1" name="Day_022_Action_class.TC04_Drag_And_Drop" time="10.834" errors="0" timestamp="07 Nov 2019 16:52:01 GMT" skipped="0">
  <testcase classname="Day_022_Action_class.TC04_Drag_And_Drop" name="Login_Test" time="10.834"/>
</testsuite> <!-- Day_022_Action_class.TC04_Drag_And_Drop -->
