<?xml version="1.0" encoding="UTF-8"?>
<!-- Generated by org.testng.reporters.JUnitReportReporter -->
<testsuite hostname="Saryu-PC" failures="0" tests="1" name="Day_002_Java.TC04_Login_NonStatic" time="24.648" errors="0" timestamp="02 Nov 2019 04:47:58 GMT" skipped="0">
  <testcase classname="Day_002_Java.TC04_Login_NonStatic" name="Login_Test" time="24.648"/>
</testsuite> <!-- Day_002_Java.TC04_Login_NonStatic -->
