<?xml version="1.0" encoding="UTF-8"?>
<!-- Generated by org.testng.reporters.JUnitReportReporter -->
<testsuite hostname="Saryu-PC" failures="0" tests="1" name="Day_016_ParallelClasses.OrangeHRMTest" time="19.074" errors="0" timestamp="05 Nov 2019 10:57:08 GMT" skipped="0">
  <testcase classname="Day_016_ParallelClasses.OrangeHRMTest" name="Open_OrangeHRM" time="19.074"/>
</testsuite> <!-- Day_016_ParallelClasses.OrangeHRMTest -->
