<?xml version="1.0" encoding="UTF-8"?>
<!-- Generated by org.testng.reporters.JUnitReportReporter -->
<testsuite hostname="Saryu-PC" failures="0" tests="1" name="Day_022_Action_class.TC03_Context_Menu" time="23.581" errors="0" timestamp="07 Nov 2019 16:41:43 GMT" skipped="0">
  <testcase classname="Day_022_Action_class.TC03_Context_Menu" name="Login_Test" time="23.581"/>
</testsuite> <!-- Day_022_Action_class.TC03_Context_Menu -->
