<?xml version="1.0" encoding="UTF-8"?>
<!-- Generated by org.testng.reporters.JUnitReportReporter -->
<testsuite hostname="Saryu-PC" failures="0" tests="1" name="Day_022_Action_class.TC01_Mouse_Hover_Action2" time="28.952" errors="0" timestamp="06 Nov 2019 13:59:22 GMT" skipped="0">
  <testcase classname="Day_022_Action_class.TC01_Mouse_Hover_Action2" name="Login_Test" time="28.952"/>
</testsuite> <!-- Day_022_Action_class.TC01_Mouse_Hover_Action2 -->
