<?xml version="1.0" encoding="UTF-8"?>
<!-- Generated by org.testng.reporters.JUnitReportReporter -->
<testsuite hostname="Saryu-PC" failures="0" tests="1" name="Day_004_Dropdown.Listbox" time="20.073" errors="0" timestamp="03 Nov 2019 04:06:08 GMT" skipped="0">
  <testcase classname="Day_004_Dropdown.Listbox" name="Test1" time="20.073"/>
</testsuite> <!-- Day_004_Dropdown.Listbox -->
