<?xml version="1.0" encoding="UTF-8"?>
<!-- Generated by org.testng.reporters.JUnitReportReporter -->
<testsuite hostname="Saryu-PC" failures="0" tests="1" name="Day_016_ParallelClasses.MercuryTest" time="17.630" errors="0" timestamp="05 Nov 2019 10:57:08 GMT" skipped="0">
  <testcase classname="Day_016_ParallelClasses.MercuryTest" name="Open_Mercury" time="17.630"/>
</testsuite> <!-- Day_016_ParallelClasses.MercuryTest -->
