<?xml version="1.0" encoding="UTF-8"?>
<!-- Generated by org.testng.reporters.JUnitReportReporter -->
<testsuite hostname="Saryu-PC" failures="0" tests="1" name="firstdemo8.tc_staticparameters05" time="21.031" errors="0" timestamp="2019-12-10T10:09:22 IST" skipped="0">
  <testcase classname="firstdemo8.tc_staticparameters05" name="Login_Test" time="21.031"/>
</testsuite> <!-- firstdemo8.tc_staticparameters05 -->
