<?xml version="1.0" encoding="UTF-8"?>
<!-- Generated by org.testng.reporters.JUnitReportReporter -->
<testsuite hostname="Saryu-PC" failures="0" tests="1" name="Day_015_ParallelTests.MercuryTest" time="21.393" errors="0" timestamp="05 Nov 2019 10:48:28 GMT" skipped="0">
  <testcase classname="Day_015_ParallelTests.MercuryTest" name="Open_Mercury" time="21.393"/>
</testsuite> <!-- Day_015_ParallelTests.MercuryTest -->
