<?xml version="1.0" encoding="UTF-8"?>
<!-- Generated by org.testng.reporters.JUnitReportReporter -->
<testsuite hostname="Saryu-PC" failures="0" tests="2" name="Day_014_ParallelMethods.AllTests" time="28.254" errors="0" timestamp="05 Nov 2019 10:38:39 GMT" skipped="0">
  <testcase classname="Day_014_ParallelMethods.AllTests" name="OrangeHRM" time="15.358"/>
  <testcase classname="Day_014_ParallelMethods.AllTests" name="Mercury" time="12.896"/>
</testsuite> <!-- Day_014_ParallelMethods.AllTests -->
