<?xml version="1.0" encoding="UTF-8"?>
<!-- Generated by org.testng.reporters.JUnitReportReporter -->
<testsuite hostname="Saryu-PC" failures="0" tests="2" name="Day_006_TestNG_DataProvider_Lab2.TC03_Login_Static_Paarameters" time="56.374" errors="0" timestamp="28 Oct 2019 15:38:07 GMT" skipped="0">
  <testcase classname="Day_006_TestNG_DataProvider_Lab2.TC03_Login_Static_Paarameters" name="Login_Test" time="30.469"/>
  <testcase classname="Day_006_TestNG_DataProvider_Lab2.TC03_Login_Static_Paarameters" name="Login_Test" time="25.905"/>
</testsuite> <!-- Day_006_TestNG_DataProvider_Lab2.TC03_Login_Static_Paarameters -->
