<?xml version="1.0" encoding="UTF-8"?>
<!-- Generated by org.testng.reporters.JUnitReportReporter -->
<testsuite hostname="Saryu-PC" failures="0" tests="1" name="Day_003_Locators.TC01_Locators" time="22.941" errors="0" timestamp="03 Nov 2019 03:58:34 GMT" skipped="0">
  <testcase classname="Day_003_Locators.TC01_Locators" name="Test2" time="22.941"/>
</testsuite> <!-- Day_003_Locators.TC01_Locators -->
