<?xml version="1.0" encoding="UTF-8"?>
<!-- Generated by org.testng.reporters.JUnitReportReporter -->
<testsuite hostname="Saryu-PC" failures="0" tests="1" name="Day_024_Advanced_Xpaths.TC006_Following" time="13.358" errors="0" timestamp="21 Oct 2019 01:03:46 GMT" skipped="0">
  <testcase classname="Day_024_Advanced_Xpaths.TC006_Following" name="Test1" time="13.358"/>
</testsuite> <!-- Day_024_Advanced_Xpaths.TC006_Following -->
