<?xml version="1.0" encoding="UTF-8"?>
<!-- Generated by org.testng.reporters.JUnitReportReporter -->
<testsuite hostname="Saryu-PC" failures="0" tests="2" name="Day_007_TestNG_DataProvider_Lab3.TC02_Login_Static_Paarameters" time="89.118" errors="0" timestamp="03 Nov 2019 04:38:22 GMT" skipped="0">
  <testcase classname="Day_007_TestNG_DataProvider_Lab3.TC02_Login_Static_Paarameters" name="Login_Test" time="14.143"/>
  <testcase classname="Day_007_TestNG_DataProvider_Lab3.TC02_Login_Static_Paarameters" name="Login_Test" time="74.975"/>
</testsuite> <!-- Day_007_TestNG_DataProvider_Lab3.TC02_Login_Static_Paarameters -->
