<?xml version="1.0" encoding="UTF-8"?>
<!-- Generated by org.testng.reporters.JUnitReportReporter -->
<testsuite hostname="Saryu-PC" failures="0" tests="6" name="Day_017_Priorities_Test.TC02_Without_Priority" time="28.214" errors="0" timestamp="02 Nov 2019 09:22:06 GMT" skipped="0">
  <testcase classname="Day_017_Priorities_Test.TC02_Without_Priority" name="Test6_closebrowser" time="0.805"/>
  <testcase classname="Day_017_Priorities_Test.TC02_Without_Priority" name="Test4_Addnatialities" time="5.385"/>
  <testcase classname="Day_017_Priorities_Test.TC02_Without_Priority" name="Test1_OpenChromeBrowser" time="6.548"/>
  <testcase classname="Day_017_Priorities_Test.TC02_Without_Priority" name="Test2_OpenOrangeHRM" time="4.590"/>
  <testcase classname="Day_017_Priorities_Test.TC02_Without_Priority" name="Test5_Logout" time="8.016"/>
  <testcase classname="Day_017_Priorities_Test.TC02_Without_Priority" name="Test3_Login" time="2.870"/>
</testsuite> <!-- Day_017_Priorities_Test.TC02_Without_Priority -->
