<?xml version="1.0" encoding="UTF-8"?>
<!-- Generated by org.testng.reporters.JUnitReportReporter -->
<testsuite hostname="Saryu-PC" failures="0" tests="1" name="Day_018_Waits.TC01_Explicit_Wait" time="28.229" errors="0" timestamp="02 Nov 2019 09:02:19 GMT" skipped="0">
  <testcase classname="Day_018_Waits.TC01_Explicit_Wait" name="Login_Test" time="28.229"/>
</testsuite> <!-- Day_018_Waits.TC01_Explicit_Wait -->
