<?xml version="1.0" encoding="UTF-8"?>
<!-- Generated by org.testng.reporters.JUnitReportReporter -->
<testsuite hostname="Saryu-PC" failures="0" tests="1" name="Day_019_Frames.Switch_Frame_By_WebElement" time="13.184" errors="0" timestamp="05 Nov 2019 11:32:50 GMT" skipped="0">
  <testcase classname="Day_019_Frames.Switch_Frame_By_WebElement" name="Login_Test" time="13.184"/>
</testsuite> <!-- Day_019_Frames.Switch_Frame_By_WebElement -->
