<?xml version="1.0" encoding="UTF-8"?>
<!-- Generated by org.testng.reporters.JUnitReportReporter -->
<testsuite hostname="Saryu-PC" failures="0" tests="3" name="Day_005_TestNG_DataProvider_Lab1.TC03_Login_Static_Paarameters" time="48.874" errors="0" timestamp="03 Nov 2019 04:18:31 GMT" skipped="0">
  <testcase classname="Day_005_TestNG_DataProvider_Lab1.TC03_Login_Static_Paarameters" name="Login_Test" time="16.648"/>
  <testcase classname="Day_005_TestNG_DataProvider_Lab1.TC03_Login_Static_Paarameters" name="Login_Test" time="15.391"/>
  <testcase classname="Day_005_TestNG_DataProvider_Lab1.TC03_Login_Static_Paarameters" name="Login_Test" time="16.835"/>
</testsuite> <!-- Day_005_TestNG_DataProvider_Lab1.TC03_Login_Static_Paarameters -->
