<?xml version="1.0" encoding="UTF-8"?>
<!-- Generated by org.testng.reporters.JUnitReportReporter -->
<testsuite hostname="Saryu-PC" failures="0" tests="1" name="Day_001_Demo.TC01_Login" time="12.655" errors="0" timestamp="30 Oct 2019 05:30:09 GMT" skipped="0">
  <testcase classname="Day_001_Demo.TC01_Login" name="login_test" time="12.655"/>
</testsuite> <!-- Day_001_Demo.TC01_Login -->
