<?xml version="1.0" encoding="UTF-8"?>
<!-- Generated by org.testng.reporters.JUnitReportReporter -->
<testsuite hostname="Saryu-PC" failures="0" tests="1" name="Day_027_Alerts.AlertDemo" time="34.307" errors="0" timestamp="05 Nov 2019 14:11:25 GMT" skipped="0">
  <testcase classname="Day_027_Alerts.AlertDemo" name="testWebAlert" time="34.307"/>
</testsuite> <!-- Day_027_Alerts.AlertDemo -->
