<?xml version="1.0" encoding="UTF-8"?>
<!-- Generated by org.testng.reporters.JUnitReportReporter -->
<testsuite hostname="Saryu-PC" failures="0" tests="1" name="Day_002_Java.TC03_Login_Static_Paarameters" time="20.921" errors="0" timestamp="02 Nov 2019 04:54:11 GMT" skipped="0">
  <testcase classname="Day_002_Java.TC03_Login_Static_Paarameters" name="Login_Test" time="20.921"/>
</testsuite> <!-- Day_002_Java.TC03_Login_Static_Paarameters -->
