<?xml version="1.0" encoding="UTF-8"?>
<!-- Generated by org.testng.reporters.JUnitReportReporter -->
<testsuite hostname="Saryu-PC" failures="0" tests="1" name="firstdemo8.tc_nonstaticparameterslocators1" time="16.513" errors="0" timestamp="2019-12-10T10:42:53 IST" skipped="0">
  <testcase classname="firstdemo8.tc_nonstaticparameterslocators1" name="Login_Test" time="16.513"/>
</testsuite> <!-- firstdemo8.tc_nonstaticparameterslocators1 -->
