<?xml version="1.0" encoding="UTF-8"?>
<!-- Generated by org.testng.reporters.JUnitReportReporter -->
<testsuite hostname="Saryu-PC" failures="0" tests="1" name="Day_024_Advanced_Xpaths.TC010_Following_Siblings" time="12.429" errors="0" timestamp="21 Oct 2019 01:00:37 GMT" skipped="0">
  <testcase classname="Day_024_Advanced_Xpaths.TC010_Following_Siblings" name="Test1" time="12.429"/>
</testsuite> <!-- Day_024_Advanced_Xpaths.TC010_Following_Siblings -->
