<?xml version="1.0" encoding="UTF-8"?>
<!-- Generated by org.testng.reporters.JUnitReportReporter -->
<testsuite hostname="Saryu-PC" failures="0" tests="1" name="Day_023_File_Upload_Download.FileDownLoad" time="41.547" errors="0" timestamp="30 Oct 2019 14:32:26 GMT" skipped="0">
  <testcase classname="Day_023_File_Upload_Download.FileDownLoad" name="File_Download" time="41.547"/>
</testsuite> <!-- Day_023_File_Upload_Download.FileDownLoad -->
