<?xml version="1.0" encoding="UTF-8"?>
<!-- Generated by org.testng.reporters.JUnitReportReporter -->
<testsuite hostname="Saryu-PC" failures="0" tests="1" name="Day_018_Waits.TC03_Implicit_Wait" time="29.041" errors="0" timestamp="02 Nov 2019 08:52:36 GMT" skipped="0">
  <testcase classname="Day_018_Waits.TC03_Implicit_Wait" name="Login_Test" time="29.041"/>
</testsuite> <!-- Day_018_Waits.TC03_Implicit_Wait -->
