<?xml version="1.0" encoding="UTF-8"?>
<!-- Generated by org.testng.reporters.JUnitReportReporter -->
<testsuite hostname="Saryu-PC" failures="0" tests="1" name="Day_019_Frames.FrameByIndex" time="11.137" errors="0" timestamp="05 Nov 2019 11:21:05 GMT" skipped="0">
  <testcase classname="Day_019_Frames.FrameByIndex" name="Login_Test" time="11.137"/>
</testsuite> <!-- Day_019_Frames.FrameByIndex -->
