<?xml version="1.0" encoding="UTF-8"?>
<!-- Generated by org.testng.reporters.JUnitReportReporter -->
<testsuite hostname="Saryu-PC" failures="0" tests="1" name="Day_023_File_Upload_Download.FileUpload" time="48.689" errors="0" timestamp="01 Nov 2019 13:35:35 GMT" skipped="0">
  <testcase classname="Day_023_File_Upload_Download.FileUpload" name="File_upload" time="48.689"/>
</testsuite> <!-- Day_023_File_Upload_Download.FileUpload -->
