<?xml version="1.0" encoding="UTF-8"?>
<!-- Generated by org.testng.reporters.JUnitReportReporter -->
<testsuite hostname="Saryu-PC" failures="0" tests="1" name="Day_019_Frames.Switch_By_FrameName" time="12.625" errors="0" timestamp="05 Nov 2019 11:27:38 GMT" skipped="0">
  <testcase classname="Day_019_Frames.Switch_By_FrameName" name="Login_Test" time="12.625"/>
</testsuite> <!-- Day_019_Frames.Switch_By_FrameName -->
